parater 2 is: a
parater 2 is: a
parater 2 is: hdfs1
Response Code : 200
890
server is: http://localhost:8088/hdfs_inotify_change
lastReadTxid = 890
Current Traction Id = 894
event type = RENAME
  from = /data/data2.csv
  to = /data/data1.csv
  ctime = 1512677901736
Response Code : 200
received!/data/data2.csv...../data/data1.csv
Current Traction Id = 895
event type = RENAME
  from = /data/data1.csv
  to = /data/duan/data1.csv
  ctime = 1512677934205
Response Code : 200
received!/data/data1.csv...../data/duan/data1.csv
